14/07 19:44:20 Starting RS485 logger
14/07 19:44:20 starting up on  port 8888
14/07 19:44:20 000000009735988:OK
14/07 19:44:20 000000009757756:OK
14/07 19:44:20 000000009779516:OK
14/07 19:44:20 000000009801284:!!!!!!ERROR!!!!!!:00,01,02,03,04,05,06,07,08,09,0a,0b,0c,0d,0e,0f,10,11,12,13,14,15,16,17,18,19,1a,1b,1c,1d,1e,1f,20,21,22,23,24,25,26,27,28,29,2a,2b,2c,2d,2e,2f,30,31,32,33,34,35,36,37,38,39,3b
14/07 19:44:20 000000009822268:OK
14/07 19:44:20 000000009844024:OK
14/07 19:44:20 000000009865812:OK
14/07 19:44:20 000000009887592:OK
14/07 19:44:20 000000009909272:!!!!!!ERROR!!!!!!:00,01,02,03,04,05,06,07,08,09,0a,0b,0c,0d,0e,0f,10,11,12,13,14,15,16,17,18,19,1a,1b,1c,1d,ff,1f,20,21,22,23,24,25,26,27,28,29,2a,2b,2c,2d,2e,2f,30,31,32,33,34,35,36,37,38,39,3b,3c,3d,3e,3f,40,41,42,43,44,45,46,47,48,49,4a,4b,4c,4d,4e,4f,50,51,52,53,54,55,56,57,58,59,5a,5b,5c,5d,5e,5f,60,61,62,63,64,65,66,67,68,69,6a,6b,6c,6d,6e,6f,70,71,72,73,74,75,76,77
14/07 19:44:20 000000009931044:OK
14/07 19:44:20 000000009952800:OK
14/07 19:44:20 000000009974572:OK
14/07 19:44:20 000000009996352:OK
14/07 19:44:20 000000010018116:OK
14/07 19:44:20 000000010039888:OK
14/07 19:44:20 000000010061652:OK
14/07 19:44:20 000000010083428:OK
14/07 19:44:20 000000010105196:OK
14/07 19:44:20 000000010126876:!!!!!!ERROR!!!!!!:00,01,02,03,04,05,06,07,08,09,0a,0b,0c,0d,0e,0f,10,11,12,13,14,15,16,17,18,19,1a,1b,1c,1d,ff,1f,20,21,22,23,24,25,26,27,28,29,2a,2b,2c,2d,2e,2f,30,31,32,33,34,35,36,37,38,39,3b,3c,3d,3e,3f,40,41,42,43,44,45,46,47,48,49,4a,4b,4c,4d,4e,4f,50,51,52,53,54,55,56,57,58,59,5a,5b,5c,5d,5e,5f,60,61,62,63,64,65,66,67,68,69,6a,6b,6c,6d,6e,6f,70,71,72,73,74,75,76,77
14/07 19:44:20 000000010148660:OK
14/07 19:44:20 000000010170436:OK
14/07 19:44:20 000000010192208:OK
14/07 19:44:20 000000010213972:OK
14/07 19:44:20 000000010235736:OK
14/07 19:44:21 000000010257512:OK
14/07 19:44:21 000000010279280:OK
14/07 19:44:21 000000010301052:OK
14/07 19:44:21 000000010322824:OK
14/07 19:44:21 000000010344516:!!!!!!ERROR!!!!!!:00,01,02,03,04,05,06,07,08,09,0a,0b,0c,0d,0e,0f,10,11,12,13,14,15,16,17,18,19,1a,1b,1c,1d,ff,1f,20,21,22,23,24,25,26,27,28,29,2a,2b,2c,2d,2e,2f,30,31,32,33,34,35,36,37,38,39,3b,3c,3d,3e,3f,40,41,42,43,44,45,46,47,48,49,4a,4b,4c,4d,4e,4f,50,51,52,53,54,55,56,57,58,59,5a,5b,5c,5d,5e,5f,60,61,62,63,64,65,66,67,68,69,6a,6b,6c,6d,6e,6f,70,71,72,73,74,75,76,77
14/07 19:44:21 000000010366288:OK
14/07 19:44:21 000000010388060:OK
14/07 19:44:21 000000010409816:OK
14/07 19:44:21 000000010431584:OK
14/07 19:44:21 000000010453336:OK
14/07 19:44:21 000000010475108:OK
14/07 19:44:21 000000010496884:OK
14/07 19:44:21 000000010518640:OK
14/07 19:44:21 000000010540412:OK
14/07 19:44:21 000000010562108:!!!!!!ERROR!!!!!!:00,01,02,03,04,05,06,07,08,09,0a,0b,0c,0d,0e,0f,10,11,12,13,14,15,16,17,18,19,1a,1b,1c,1d,ff,1f,20,21,22,23,24,25,26,27,28,29,2a,2b,2c,2d,2e,2f,30,31,32,33,34,35,36,37,38,39,3b,3c,3d,3e,3f,40,41,42,43,44,45,46,47,48,49,4a,4b,4c,4d,4e,4f,50,51,52,53,54,55,56,57,58,59,5a,5b,5c,5d,5e,5f,60,61,62,63,64,65,66,67,68,69,6a,6b,6c,6d,6e,6f,70,71,72,73,74,75,76,77
14/07 19:44:21 000000010583876:OK
14/07 19:44:21 000000010605660:OK
14/07 19:44:21 000000010627408:OK
14/07 19:44:21 000000010649180:OK
14/07 19:44:21 000000010670956:OK
14/07 19:44:21 000000010692720:OK
14/07 19:44:21 000000010714496:OK
14/07 19:44:21 000000010736248:OK
14/07 19:44:21 000000010758016:OK
14/07 19:44:21 000000010779720:!!!!!!ERROR!!!!!!:00,01,02,03,04,05,06,07,08,09,0a,0b,0c,0d,0e,0f,10,11,12,13,14,15,16,17,18,19,1a,1b,1c,1d,ff,1f,20,21,22,23,24,25,26,27,28,29,2a,2b,2c,2d,2e,2f,30,31,32,33,34,35,36,37,38,39,3b,3c,3d,3e,3f,40,41,42,43,44,45,46,47,48,49,4a,4b,4c,4d,4e,4f,50,51,52,53,54,55,56,57,58,59,5a,5b,5c,5d,5e,5f,60,61,62,63,64,65,66,67,68,69,6a,6b,6c,6d,6e,6f,70,71,72,73,74,75,76,77
14/07 19:44:21 000000010801492:OK
14/07 19:44:21 000000010823272:OK
14/07 19:44:21 000000010845032:OK
14/07 19:44:21 000000010866804:OK
14/07 19:44:21 000000010888592:!!!!!!ERROR!!!!!!:00,01,02,03,04,05,06,07,08,09,0a,0b,0c,0d,0e,0f,10,11,12,13,14,15,16,17,18,19,1a,1b,1c,1d,1e,1f,20,21,22,23,24,25,26,27,28,29,2a,2b,2c,2d,2e,2f,30,31,32,33,34,35,36,37,38,39,3b
14/07 19:44:21 000000010909560:OK
14/07 19:44:21 000000010931336:OK
14/07 19:44:21 000000010953100:OK
14/07 19:44:21 000000010974872:OK
14/07 19:44:21 000000010996572:!!!!!!ERROR!!!!!!:00,01,02,03,04,05,06,07,08,09,0a,0b,0c,0d,0e,0f,10,11,12,13,14,15,16,17,18,19,1a,1b,1c,1d,ff,1f,20,21,22,23,24,25,26,27,28,29,2a,2b,2c,2d,2e,2f,30,31,32,33,34,35,36,37,38,39,3b,3c,3d,3e,3f,40,41,42,43,44,45,46,47,48,49,4a,4b,4c,4d,4e,4f,50,51,52,53,54,55,56,57,58,59,5a,5b,5c,5d,5e,5f,60,61,62,63,64,65,66,67,68,69,6a,6b,6c,6d,6e,6f,70,71,72,73,74,75,76,77
14/07 19:44:21 000000011018344:OK
14/07 19:44:21 000000011040128:OK
14/07 19:44:21 000000011061896:OK
14/07 19:44:21 000000011083664:OK
14/07 19:44:21 000000011105424:OK
14/07 19:44:21 000000011127208:OK
14/07 19:44:21 000000011148984:OK
14/07 19:44:21 000000011170760:OK
14/07 19:44:21 000000011192528:OK
14/07 19:44:21 000000011214216:!!!!!!ERROR!!!!!!:00,01,02,03,04,05,06,07,08,09,0a,0b,0c,0d,0e,0f,10,11,12,13,14,15,16,17,18,19,1a,1b,1c,1d,ff,1f,20,21,22,23,24,25,26,27,28,29,2a,2b,2c,2d,2e,2f,30,31,32,33,34,35,36,37,38,39,3b,3c,3d,3e,3f,40,41,42,43,44,45,46,47,48,49,4a,4b,4c,4d,4e,4f,50,51,52,53,54,55,56,57,58,59,5a,5b,5c,5d,5e,5f,60,61,62,63,64,65,66,67,68,69,6a,6b,6c,6d,6e,6f,70,71,72,73,74,75,76,77
14/07 19:44:21 000000011235984:OK
14/07 19:44:22 000000011257760:OK
14/07 19:44:22 000000011279536:OK
14/07 19:44:22 000000011301308:OK
14/07 19:44:22 000000011323084:OK
14/07 19:44:22 000000011344848:OK
14/07 19:44:22 000000011366624:OK
14/07 19:44:22 000000011388388:OK
14/07 19:44:22 000000011410160:OK
14/07 19:44:22 000000011431864:!!!!!!ERROR!!!!!!:00,01,02,03,04,05,06,07,08,09,0a,0b,0c,0d,0e,0f,10,11,12,13,14,15,16,17,18,19,1a,1b,1c,1d,ff,1f,20,21,22,23,24,25,26,27,28,29,2a,2b,2c,2d,2e,2f,30,31,32,33,34,35,36,37,38,39,3b,3c,3d,3e,3f,40,41,42,43,44,45,46,47,48,49,4a,4b,4c,4d,4e,4f,50,51,52,53,54,55,56,57,58,59,5a,5b,5c,5d,5e,5f,60,61,62,63,64,65,66,67,68,69,6a,6b,6c,6d,6e,6f,70,71,72,73,74,75,76,77
14/07 19:44:22 000000011453628:OK
14/07 19:44:22 000000011475404:OK
14/07 19:44:22 000000011497168:OK
14/07 19:44:22 000000011518936:OK
14/07 19:44:22 000000011540728:OK
14/07 19:44:22 000000011562484:OK
14/07 19:44:22 000000011584252:OK
14/07 19:44:22 000000011606016:OK
14/07 19:44:22 000000011627780:OK
14/07 19:44:22 000000011649488:!!!!!!ERROR!!!!!!:00,01,02,03,04,05,06,07,08,09,0a,0b,0c,0d,0e,0f,10,11,12,13,14,15,16,17,18,19,1a,1b,1c,1d,ff,1f,20,21,22,23,24,25,26,27,28,29,2a,2b,2c,2d,2e,2f,30,31,32,33,34,35,36,37,38,39,3b,3c,3d,3e,3f,40,41,42,43,44,45,46,47,48,49,4a,4b,4c,4d,4e,4f,50,51,52,53,54,55,56,57,58,59,5a,5b,5c,5d,5e,5f,60,61,62,63,64,65,66,67,68,69,6a,6b,6c,6d,6e,6f,70,71,72,73,74,75,76,77
14/07 19:44:22 000000011671248:OK
14/07 19:44:22 000000011693032:OK
14/07 19:44:22 000000011714800:OK
14/07 19:44:22 000000011736564:OK
14/07 19:44:22 000000011758328:OK
14/07 19:44:22 000000011780072:OK
14/07 19:44:22 000000011801848:OK
14/07 19:44:22 000000011823628:OK
14/07 19:44:22 000000011845392:OK
14/07 19:44:22 000000011867088:!!!!!!ERROR!!!!!!:00,01,02,03,04,05,06,07,08,09,0a,0b,0c,0d,0e,0f,10,11,12,13,14,15,16,17,18,19,1a,1b,1c,1d,ff,1f,20,21,22,23,24,25,26,27,28,29,2a,2b,2c,2d,2e,2f,30,31,32,33,34,35,36,37,38,39,3b,3c,3d,3e,3f,40,41,42,43,44,45,46,47,48,49,4a,4b,4c,4d,4e,4f,50,51,52,53,54,55,56,57,58,59,5a,5b,5c,5d,5e,5f,60,61,62,63,64,65,66,67,68,69,6a,6b,6c,6d,6e,6f,70,71,72,73,74,75,76,77
14/07 19:44:22 000000011888836:OK
14/07 19:44:22 000000011910616:OK
14/07 19:44:22 000000011932380:OK
14/07 19:44:22 000000011954160:OK
14/07 19:44:22 000000011975924:!!!!!!ERROR!!!!!!:00,01,02,03,04,05,06,07,08,09,0a,0b,0c,0d,0e,0f,10,11,12,13,14,15,16,17,18,19,1a,1b,1c,1d,1e,1f,20,21,22,23,24,25,26,27,28,29,2a,2b,2c,2d,2e,2f,30,31,32,33,34,35,36,37,38,39,3b
14/07 19:44:22 000000011996892:OK
14/07 19:44:22 000000012018672:OK
14/07 19:44:22 000000012040424:OK
14/07 19:44:22 000000012062200:OK
14/07 19:44:22 000000012083892:!!!!!!ERROR!!!!!!:00,01,02,03,04,05,06,07,08,09,0a,0b,0c,0d,0e,0f,10,11,12,13,14,15,16,17,18,19,1a,1b,1c,1d,ff,1f,20,21,22,23,24,25,26,27,28,29,2a,2b,2c,2d,2e,2f,30,31,32,33,34,35,36,37,38,39,3b,3c,3d,3e,3f,40,41,42,43,44,45,46,47,48,49,4a,4b,4c,4d,4e,4f,50,51,52,53,54,55,56,57,58,59,5a,5b,5c,5d,5e,5f,60,61,62,63,64,65,66,67,68,69,6a,6b,6c,6d,6e,6f,70,71,72,73,74,75,76,77
14/07 19:44:22 000000012105672:OK
14/07 19:44:22 000000012127452:OK
14/07 19:44:22 000000012149196:OK
14/07 19:44:22 000000012170976:OK
14/07 19:44:22 000000012192748:OK
14/07 19:44:22 000000012214528:OK
14/07 19:44:22 000000012236296:OK
14/07 19:44:23 000000012258060:OK
14/07 19:44:23 000000012279836:OK
14/07 19:44:23 000000012301528:!!!!!!ERROR!!!!!!:00,01,02,03,04,05,06,07,08,09,0a,0b,0c,0d,0e,0f,10,11,12,13,14,15,16,17,18,19,1a,1b,1c,1d,ff,1f,20,21,22,23,24,25,26,27,28,29,2a,2b,2c,2d,2e,2f,30,31,32,33,34,35,36,37,38,39,3b,3c,3d,3e,3f,40,41,42,43,44,45,46,47,48,49,4a,4b,4c,4d,4e,4f,50,51,52,53,54,55,56,57,58,59,5a,5b,5c,5d,5e,5f,60,61,62,63,64,65,66,67,68,69,6a,6b,6c,6d,6e,6f,70,71,72,73,74,75,76,77
14/07 19:44:23 000000012323308:OK
14/07 19:44:23 000000012345080:OK
14/07 19:44:23 000000012366836:OK
14/07 19:44:23 000000012388604:OK
14/07 19:44:23 000000012410380:OK
14/07 19:44:23 000000012432152:OK
14/07 19:44:23 000000012453916:OK
14/07 19:44:23 000000012475684:OK
14/07 19:44:23 000000012497456:OK
14/07 19:44:23 000000012519152:!!!!!!ERROR!!!!!!:00,01,02,03,04,05,06,07,08,09,0a,0b,0c,0d,0e,0f,10,11,12,13,14,15,16,17,18,19,1a,1b,1c,1d,ff,1f,20,21,22,23,24,25,26,27,28,29,2a,2b,2c,2d,2e,2f,30,31,32,33,34,35,36,37,38,39,3b,3c,3d,3e,3f,40,41,42,43,44,45,46,47,48,49,4a,4b,4c,4d,4e,4f,50,51,52,53,54,55,56,57,58,59,5a,5b,5c,5d,5e,5f,60,61,62,63,64,65,66,67,68,69,6a,6b,6c,6d,6e,6f,70,71,72,73,74,75,76,77
14/07 19:44:23 000000012540920:OK
14/07 19:44:23 000000012562680:OK
14/07 19:44:23 000000012584464:OK
14/07 19:44:23 000000012606232:OK
14/07 19:44:23 000000012628000:OK
14/07 19:44:23 000000012649760:OK
14/07 19:44:23 000000012671548:OK
14/07 19:44:23 000000012693328:OK
14/07 19:44:23 000000012715088:OK
14/07 19:44:23 000000012736776:!!!!!!ERROR!!!!!!:00,01,02,03,04,05,06,07,08,09,0a,0b,0c,0d,0e,0f,10,11,12,13,14,15,16,17,18,19,1a,1b,1c,1d,ff,1f,20,21,22,23,24,25,26,27,28,29,2a,2b,2c,2d,2e,2f,30,31,32,33,34,35,36,37,38,39,3b,3c,3d,3e,3f,40,41,42,43,44,45,46,47,48,49,4a,4b,4c,4d,4e,4f,50,51,52,53,54,55,56,57,58,59,5a,5b,5c,5d,5e,5f,60,61,62,63,64,65,66,67,68,69,6a,6b,6c,6d,6e,6f,70,71,72,73,74,75,76,77
14/07 19:44:23 000000012758532:OK
14/07 19:44:23 000000012780304:OK
14/07 19:44:23 000000012802088:OK
14/07 19:44:23 000000012823852:OK
14/07 19:44:23 000000012845620:OK
14/07 19:44:23 000000012867380:OK
14/07 19:44:23 000000012889156:OK
14/07 19:44:23 000000012910920:OK
14/07 19:44:23 000000012932680:OK
14/07 19:44:23 000000012954376:!!!!!!ERROR!!!!!!:00,01,02,03,04,05,06,07,08,09,0a,0b,0c,0d,0e,0f,10,11,12,13,14,15,16,17,18,19,1a,1b,1c,1d,ff,1f,20,21,22,23,24,25,26,27,28,29,2a,2b,2c,2d,2e,2f,30,31,32,33,34,35,36,37,38,39,3b,3c,3d,3e,3f,40,41,42,43,44,45,46,47,48,49,4a,4b,4c,4d,4e,4f,50,51,52,53,54,55,56,57,58,59,5a,5b,5c,5d,5e,5f,60,61,62,63,64,65,66,67,68,69,6a,6b,6c,6d,6e,6f,70,71,72,73,74,75,76,77
14/07 19:44:23 000000012976148:OK
14/07 19:44:23 000000012997924:OK
14/07 19:44:23 000000013019684:OK
14/07 19:44:23 000000013041444:OK
14/07 19:44:23 000000013063220:!!!!!!ERROR!!!!!!:00,01,02,03,04,05,06,07,08,09,0a,0b,0c,0d,0e,0f,10,11,12,13,14,15,16,17,18,19,1a,1b,1c,1d,1e,1f,20,21,22,23,24,25,26,27,28,29,2a,2b,2c,2d,2e,2f,30,31,32,33,34,35,36,37,38,39,3b
14/07 19:44:23 000000013084164:OK
14/07 19:44:23 000000013105936:OK
14/07 19:44:23 000000013127692:OK
14/07 19:44:23 000000013149460:OK
14/07 19:44:23 000000013171164:!!!!!!ERROR!!!!!!:00,01,02,03,04,05,06,07,08,09,0a,0b,0c,0d,0e,0f,10,11,12,13,14,15,16,17,18,19,1a,1b,1c,1d,ff,1f,20,21,22,23,24,25,26,27,28,29,2a,2b,2c,2d,2e,2f,30,31,32,33,34,35,36,37,38,39,3b,3c,3d,3e,3f,40,41,42,43,44,45,46,47,48,49,4a,4b,4c,4d,4e,4f,50,51,52,53,54,55,56,57,58,59,5a,5b,5c,5d,5e,5f,60,61,62,63,64,65,66,67,68,69,6a,6b,6c,6d,6e,6f,70,71,72,73,74,75,76,77
14/07 19:44:23 000000013192932:OK
14/07 19:44:23 000000013214704:OK
14/07 19:44:23 *****Exception in main loop******
14/07 19:44:23 Traceback (most recent call last):
14/07 19:44:23   File "RS485Logger_receiver.py", line 89, in <module>
14/07 19:44:23     data, address = sock.recvfrom(256)
14/07 19:44:23 KeyboardInterrupt
14/07 19:44:23 EXITING RS485 logger
